<?xml version="1.0" encoding="UTF-8"?>
<!-- Generated by org.testng.reporters.JUnitReportReporter -->
<testsuite hostname="DESKTOP-BON9LB6" failures="0" tests="9" name="autobusinesstest.pcaptest.MihomeCapturePackageTest" time="11.694" errors="0" timestamp="19 Oct 2022 10:58:52 GMT">
  <testcase classname="autobusinesstest.pcaptest.MihomeCapturePackageTest" name="firmwareUpdateTest" time="1.338"/>
  <testcase classname="autobusinesstest.pcaptest.MihomeCapturePackageTest" name="downloadVoiceTest" time="1.262"/>
  <testcase classname="autobusinesstest.pcaptest.MihomeCapturePackageTest" name="errorImageTest" time="1.467"/>
  <testcase classname="autobusinesstest.pcaptest.MihomeCapturePackageTest" name="sheduledCleanTest" time="1.294"/>
  <testcase classname="autobusinesstest.pcaptest.MihomeCapturePackageTest" name="maintenanceTest" time="1.309"/>
  <testcase classname="autobusinesstest.pcaptest.MihomeCapturePackageTest" name="normalCleanTest" time="1.237"/>
  <testcase classname="autobusinesstest.pcaptest.MihomeCapturePackageTest" name="remoteControlTest" time="1.281"/>
  <testcase classname="autobusinesstest.pcaptest.MihomeCapturePackageTest" name="updatedCleanTest" time="1.270"/>
  <testcase classname="autobusinesstest.pcaptest.MihomeCapturePackageTest" name="addDeviceTest" time="1.236"/>
</testsuite> <!-- autobusinesstest.pcaptest.MihomeCapturePackageTest -->
